<?xml version="1.0" encoding="utf-8"?><testsuites name="pytest tests"><testsuite name="pytest" errors="0" failures="0" skipped="0" tests="7" time="5.506" timestamp="2026-08-10T01:38:53.275525+00:00" hostname="agent-env-69fa411d-9c0b-42e5-a41b-e13f37f8cab3"><testcase classname="tests.test_iter15_approval" name="test_vendor_brand_pending_hidden_then_approved" time="1.890" /><testcase classname="tests.test_iter15_approval" name="test_reject_requires_reason" time="0.550" /><testcase classname="tests.test_iter15_approval" name="test_vendor_cannot_approve" time="0.323" /><testcase classname="tests.test_iter15_approval" name="test_admin_package_auto_approved_public_visible" time="0.413" /><testcase classname="tests.test_iter15_approval" name="test_vendor_package_pending_hidden_then_approved" time="0.622" /><testcase classname="tests.test_iter15_approval" name="test_customer_cannot_manage_packages" time="0.104" /><testcase classname="tests.test_iter15_approval" name="test_freelancer_enquiry_unread_and_mark_read" time="1.539" /></testsuite></testsuites>