<?xml version="1.0" encoding="utf-8"?><testsuites name="pytest tests"><testsuite name="pytest" errors="0" failures="0" skipped="0" tests="11" time="2.807" timestamp="2026-08-07T09:21:04.904883+00:00" hostname="agent-env-e795f420-4884-4948-8de7-5b0417181b11"><testcase classname="tests.test_mart.TestMartPublic" name="test_categories" time="0.199" /><testcase classname="tests.test_mart.TestMartPublic" name="test_brands_by_category" time="0.252" /><testcase classname="tests.test_mart.TestMartAdminCRUD" name="test_create_material" time="0.551" /><testcase classname="tests.test_mart.TestMartPublic" name="test_materials_filter_category_brand" time="0.109" /><testcase classname="tests.test_mart.TestMartAdminCRUD" name="test_update_rate" time="0.206" /><testcase classname="tests.test_mart.TestMartPublic" name="test_materials_search_q" time="0.146" /><testcase classname="tests.test_mart.TestMartAdminCRUD" name="test_delete" time="0.427" /><testcase classname="tests.test_mart.TestMartAdminRBAC" name="test_admin_list_forbidden_for_customer" time="0.428" /><testcase classname="tests.test_mart.TestMartAdminRBAC" name="test_admin_list_works_for_super_admin" time="0.591" /><testcase classname="tests.test_mart.TestContractorBOQ" name="test_add_boq_from_mart" time="0.840" /><testcase classname="tests.test_mart.TestContractorBOQ" name="test_boq_pdf" time="0.120" /></testsuite></testsuites>