<?xml version="1.0" encoding="utf-8"?><testsuites name="pytest tests"><testsuite name="pytest" errors="0" failures="0" skipped="0" tests="24" time="6.667" timestamp="2026-08-07T08:39:57.975054+00:00" hostname="agent-env-e795f420-4884-4948-8de7-5b0417181b11"><testcase classname="tests.test_phase3bc.TestBrandingPhase3B" name="test_default_branding_has_new_fields" time="0.235" /><testcase classname="tests.test_phase3bc.TestBrandingPhase3B" name="test_admin_update_persists_slug_accent_favicon" time="0.609" /><testcase classname="tests.test_phase3bc.TestBrandingPhase3B" name="test_resolve_by_slug" time="0.178" /><testcase classname="tests.test_phase3bc.TestBrandingPhase3B" name="test_resolve_by_host_custom_domain" time="0.211" /><testcase classname="tests.test_phase3bc.TestBrandingPhase3B" name="test_resolve_by_host_subdomain" time="0.124" /><testcase classname="tests.test_phase3bc.TestBrandingPhase3B" name="test_unknown_falls_back_to_default" time="0.096" /><testcase classname="tests.test_phase3bc.TestBrandingPhase3B" name="test_customer_forbidden" time="0.452" /><testcase classname="tests.test_phase3bc.TestSubscriptions" name="test_subscribe_creates_pending_invoice" time="0.181" /><testcase classname="tests.test_phase3bc.TestSubscriptions" name="test_my_subscription" time="0.095" /><testcase classname="tests.test_phase3bc.TestSubscriptions" name="test_pay_invoice_activates_subscription" time="0.339" /><testcase classname="tests.test_phase3bc.TestSubscriptions" name="test_invoice_pdf" time="0.280" /><testcase classname="tests.test_phase3bc.TestSubscriptions" name="test_cancel_subscription" time="0.201" /><testcase classname="tests.test_phase3bc.TestInvoiceAuth" name="test_non_owner_forbidden" time="0.518" /><testcase classname="tests.test_phase3bc.TestAdminBilling" name="test_summary" time="0.099" /><testcase classname="tests.test_phase3bc.TestAdminBilling" name="test_all_invoices" time="0.104" /><testcase classname="tests.test_phase3bc.TestAdminBilling" name="test_all_subscriptions" time="0.091" /><testcase classname="tests.test_phase3bc.TestAdminBilling" name="test_customer_blocked_summary" time="0.110" /><testcase classname="tests.test_phase3bc.TestAdminBilling" name="test_customer_blocked_invoices" time="0.101" /><testcase classname="tests.test_phase3bc.TestAdminBilling" name="test_customer_blocked_subscriptions" time="0.101" /><testcase classname="tests.test_phase3bc.TestAdminBilling" name="test_customer_blocked_run_commission" time="0.097" /><testcase classname="tests.test_phase3bc.TestCommissionPayout" name="test_full_flow_and_idempotency" time="0.860" /><testcase classname="tests.test_phase3bc.TestPhase3ARegression" name="test_freelancers_public" time="0.120" /><testcase classname="tests.test_phase3bc.TestPhase3ARegression" name="test_categories_public" time="0.096" /><testcase classname="tests.test_phase3bc.TestPhase3ARegression" name="test_seeded_logins" time="1.272" /></testsuite></testsuites>