<?xml version="1.0" encoding="utf-8"?><testsuites name="pytest tests"><testsuite name="pytest" errors="0" failures="0" skipped="1" tests="21" time="13.702" timestamp="2026-08-07T07:49:39.225541+00:00" hostname="agent-env-e795f420-4884-4948-8de7-5b0417181b11"><testcase classname="tests.test_phase3a" name="test_regression_logins[creds0]" time="0.631" /><testcase classname="tests.test_phase3a" name="test_regression_logins[creds1]" time="0.432" /><testcase classname="tests.test_phase3a" name="test_regression_logins[creds2]" time="0.422" /><testcase classname="tests.test_phase3a" name="test_regression_logins[creds3]" time="0.453" /><testcase classname="tests.test_phase3a" name="test_categories_active_only" time="0.109" /><testcase classname="tests.test_phase3a" name="test_categories_tree_construction" time="0.105" /><testcase classname="tests.test_phase3a" name="test_categories_by_type_marketplace" time="0.144" /><testcase classname="tests.test_phase3a" name="test_category_get_by_id_and_404" time="0.288" /><testcase classname="tests.test_phase3a" name="test_category_rbac_admin_crud_and_customer_forbidden" time="1.682" /><testcase classname="tests.test_phase3a" name="test_category_delete_soft_when_referenced" time="0.978" /><testcase classname="tests.test_phase3a" name="test_audit_log_module_categories_written" time="0.514"><skipped type="pytest.skip" message="Audit-logs endpoint unavailable — not part of Phase 3A spec">/app/backend/tests/test_phase3a.py:149: Audit-logs endpoint unavailable — not part of Phase 3A spec</skipped></testcase><testcase classname="tests.test_phase3a" name="test_user_types_14_active" time="0.094" /><testcase classname="tests.test_phase3a" name="test_register_freelancer_creates_user_categories_and_role" time="0.511" /><testcase classname="tests.test_phase3a" name="test_register_contractor_dashboard" time="0.888" /><testcase classname="tests.test_phase3a" name="test_register_vendor_role" time="0.825" /><testcase classname="tests.test_phase3a" name="test_register_escalation_protection" time="0.754" /><testcase classname="tests.test_phase3a" name="test_super_admin_session_is_super" time="0.423" /><testcase classname="tests.test_phase3a" name="test_freelancers_list_public_no_email" time="0.096" /><testcase classname="tests.test_phase3a" name="test_freelancer_enquiry_requires_auth_and_writes" time="0.712" /><testcase classname="tests.test_phase3a" name="test_admin_edit_user_profile_changes_type_and_categories" time="1.692" /><testcase classname="tests.test_phase3a" name="test_admin_edit_cannot_escalate_to_super_admin" time="1.258" /></testsuite></testsuites>