<?xml version="1.0" encoding="utf-8"?><testsuites name="pytest tests"><testsuite name="pytest" errors="0" failures="0" skipped="0" tests="16" time="7.033" timestamp="2026-08-07T17:02:58.746027+00:00" hostname="agent-env-69fa411d-9c0b-42e5-a41b-e13f37f8cab3"><testcase classname="tests.test_wallet_iter11" name="test_wallet_me_customer" time="1.324" /><testcase classname="tests.test_wallet_iter11" name="test_wallet_me_vendor" time="0.459" /><testcase classname="tests.test_wallet_iter11" name="test_wallet_me_contractor" time="0.470" /><testcase classname="tests.test_wallet_iter11" name="test_admin_wallet_users_forbidden_customer" time="0.103" /><testcase classname="tests.test_wallet_iter11" name="test_admin_wallet_users_forbidden_vendor" time="0.112" /><testcase classname="tests.test_wallet_iter11" name="test_admin_wallet_adjust_forbidden_vendor" time="0.119" /><testcase classname="tests.test_wallet_iter11" name="test_admin_wallet_txn_forbidden_customer" time="0.119" /><testcase classname="tests.test_wallet_iter11" name="test_admin_wallet_users_list" time="0.466" /><testcase classname="tests.test_wallet_iter11" name="test_admin_credit_and_debit_flow" time="0.324" /><testcase classname="tests.test_wallet_iter11" name="test_admin_adjust_empty_reason_422" time="0.318" /><testcase classname="tests.test_wallet_iter11" name="test_admin_adjust_zero_amount_422" time="0.220" /><testcase classname="tests.test_wallet_iter11" name="test_admin_debit_insufficient_balance" time="0.348" /><testcase classname="tests.test_wallet_iter11" name="test_admin_wallet_transactions_list" time="0.111" /><testcase classname="tests.test_wallet_iter11" name="test_order_captures_site_architect_and_pay_wallet" time="1.006" /><testcase classname="tests.test_wallet_iter11" name="test_pay_wallet_insufficient_balance" time="0.630" /><testcase classname="tests.test_wallet_iter11" name="test_pay_wallet_wrong_user_forbidden" time="0.327" /></testsuite></testsuites>