<?xml version="1.0" encoding="utf-8"?><testsuites name="pytest tests"><testsuite name="pytest" errors="0" failures="0" skipped="0" tests="19" time="4.309" timestamp="2026-08-07T11:07:08.385204+00:00" hostname="agent-env-e795f420-4884-4948-8de7-5b0417181b11"><testcase classname="tests.test_regression_iter10.TestAuth" name="test_login_customer" time="1.997" /><testcase classname="tests.test_regression_iter10.TestAuth" name="test_me" time="0.260" /><testcase classname="tests.test_regression_iter10.TestAuth" name="test_forgot_password_ok_generic" time="0.598" /><testcase classname="tests.test_regression_iter10.TestAdmin" name="test_admin_users" time="2.423" /><testcase classname="tests.test_regression_iter10.TestAdmin" name="test_admin_departments" time="0.094" /><testcase classname="tests.test_regression_iter10.TestAdmin" name="test_admin_categories" time="0.097" /><testcase classname="tests.test_regression_iter10.TestAdmin" name="test_branding_get" time="0.095" /><testcase classname="tests.test_regression_iter10.TestContact" name="test_contact_submit" time="0.091" /><testcase classname="tests.test_regression_iter10.TestContact" name="test_contact_validation" time="0.104" /><testcase classname="tests.test_regression_iter10.TestAuth" name="test_bad_login" time="0.335" /><testcase classname="tests.test_regression_iter10.TestMart" name="test_mart_materials" time="0.294" /><testcase classname="tests.test_regression_iter10.TestSolar" name="test_solar_epc_config" time="0.095" /><testcase classname="tests.test_regression_iter10.TestMart" name="test_boq_templates" time="0.138" /><testcase classname="tests.test_regression_iter10.TestSolar" name="test_solar_estimate_residential" time="0.100" /><testcase classname="tests.test_regression_iter10.TestBilling" name="test_plans_list" time="0.107" /><testcase classname="tests.test_regression_iter10.TestSolar" name="test_solar_estimate_commercial_hybrid" time="0.099" /><testcase classname="tests.test_regression_iter10.TestBilling" name="test_invoices_list" time="0.109" /><testcase classname="tests.test_regression_iter10.TestMarketplace" name="test_products_list" time="0.101" /><testcase classname="tests.test_regression_iter10.TestTenders" name="test_tenders_list" time="0.104" /></testsuite></testsuites>