<?xml version="1.0" encoding="utf-8"?><testsuites name="pytest tests"><testsuite name="pytest" errors="0" failures="0" skipped="0" tests="9" time="4.455" timestamp="2026-08-10T01:57:41.914485+00:00" hostname="agent-env-69fa411d-9c0b-42e5-a41b-e13f37f8cab3"><testcase classname="tests.test_iter16_kyc" name="test_kyc_upload_then_download_returns_200_with_disposition" time="2.138" /><testcase classname="tests.test_iter16_kyc" name="test_kyc_download_nonexistent_returns_404_not_500" time="0.112" /><testcase classname="tests.test_iter16_kyc" name="test_solar_components_public" time="0.101" /><testcase classname="tests.test_iter16_kyc" name="test_solar_brands_public_min_18" time="0.099" /><testcase classname="tests.test_iter16_kyc" name="test_solar_packages_public_has_seeded" time="0.104" /><testcase classname="tests.test_iter16_kyc" name="test_solar_estimate_with_brand_override" time="0.206" /><testcase classname="tests.test_iter16_kyc" name="test_brand_approval_access_control" time="0.756" /><testcase classname="tests.test_iter16_kyc" name="test_customer_cannot_access_packages_manage" time="0.099" /><testcase classname="tests.test_iter16_kyc" name="test_freelancer_enquiries_shape_and_mark_read" time="0.511" /></testsuite></testsuites>