<?xml version="1.0" encoding="utf-8"?><testsuites name="pytest tests"><testsuite name="pytest" errors="0" failures="1" skipped="0" tests="22" time="14.114" timestamp="2026-08-07T04:51:05.068047+00:00" hostname="agent-env-e795f420-4884-4948-8de7-5b0417181b11"><testcase classname="tests.backend_test.TestAuth" name="test_register_customer" time="0.704"><failure message="AssertionError: assert ('token' in {'token': 'eyJhbGciOiJIUzI1NiIsInR5cCI6IkpXVCJ9.eyJzdWIiOiJ1c2VyXzQzYmQxOTRlM2NmZCIsImVtYWlsIjoidGVzdF91c2VyXzE3ODYwNzgyNjU1NjVAZXguY29tIiwiZXhwIjoxNzg2NjgzMDY2LCJ0eXBlIjoiYWNjZXNzIn0.q7TWCXQyMugzy4TgAKXwNQQ6YLa8HFxJ71eLs8nwu1c', 'user': {'id': 'user_43bd194e3cfd', 'name': 'Test User', 'email': 'test_user_1786078265565@ex.com', 'role': 'customer', ...}} and 'test_user_17...265565@ex.com' == 'TEST_user_17...265565@ex.com'&#10;  &#10;  - TEST_user_1786078265565@ex.com&#10;  ? ^^^^&#10;  + test_user_1786078265565@ex.com&#10;  ? ^^^^)">backend/tests/backend_test.py:47: in test_register_customer
    assert "token" in d and d["user"]["email"] == email
E   AssertionError: assert ('token' in {'token': 'eyJhbGciOiJIUzI1NiIsInR5cCI6IkpXVCJ9.eyJzdWIiOiJ1c2VyXzQzYmQxOTRlM2NmZCIsImVtYWlsIjoidGVzdF91c2VyXzE3ODYwNzgyNjU1NjVAZXguY29tIiwiZXhwIjoxNzg2NjgzMDY2LCJ0eXBlIjoiYWNjZXNzIn0.q7TWCXQyMugzy4TgAKXwNQQ6YLa8HFxJ71eLs8nwu1c', 'user': {'id': 'user_43bd194e3cfd', 'name': 'Test User', 'email': 'test_user_1786078265565@ex.com', 'role': 'customer', ...}} and 'test_user_17...265565@ex.com' == 'TEST_user_17...265565@ex.com'
E     
E     - TEST_user_1786078265565@ex.com
E     ? ^^^^
E     + test_user_1786078265565@ex.com
E     ? ^^^^)</failure></testcase><testcase classname="tests.backend_test.TestRBAC" name="test_admin_users" time="2.292" /><testcase classname="tests.backend_test.TestRBAC" name="test_admin_analytics" time="0.098" /><testcase classname="tests.backend_test.TestRBAC" name="test_admin_audit" time="0.245" /><testcase classname="tests.backend_test.TestRBAC" name="test_customer_forbidden_admin" time="0.141" /><testcase classname="tests.backend_test.TestAuth" name="test_login_admin_is_super_admin" time="1.955" /><testcase classname="tests.backend_test.TestAuth" name="test_login_all_demo" time="0.000" /><testcase classname="tests.backend_test.TestAuth" name="test_me" time="0.095" /><testcase classname="tests.backend_test.TestAuth" name="test_login_invalid" time="0.098" /><testcase classname="tests.backend_test.TestRBAC" name="test_role_update_and_kyc" time="0.693" /><testcase classname="tests.backend_test.TestTenders" name="test_list_seeded" time="0.257" /><testcase classname="tests.backend_test.TestTenders" name="test_bid_ranking" time="0.414" /><testcase classname="tests.backend_test.TestMarketplace" name="test_products_seeded" time="0.096" /><testcase classname="tests.backend_test.TestTenders" name="test_customer_forbidden_bid" time="0.200" /><testcase classname="tests.backend_test.TestMarketplace" name="test_categories" time="0.138" /><testcase classname="tests.backend_test.TestMarketplace" name="test_search_and_filter" time="0.331" /><testcase classname="tests.backend_test.TestSolar" name="test_solar_calc" time="0.103" /><testcase classname="tests.backend_test.TestSolar" name="test_quotation_save_list" time="0.253" /><testcase classname="tests.backend_test.TestAI" name="test_tender_summary" time="7.332" /><testcase classname="tests.backend_test.TestOrdersPayments" name="test_order_create_pay_demo" time="1.889" /><testcase classname="tests.backend_test.TestERP" name="test_project_boq_dpr" time="0.527" /><testcase classname="tests.backend_test.TestAI" name="test_ai_chat_stream" time="2.196" /></testsuite></testsuites>