<?xml version="1.0" encoding="utf-8"?><testsuites name="pytest tests"><testsuite name="pytest" errors="0" failures="0" skipped="0" tests="40" time="91.336" timestamp="2026-08-07T06:42:46.960808+00:00" hostname="agent-env-e795f420-4884-4948-8de7-5b0417181b11"><testcase classname="tests.backend_test.TestAuth" name="test_register_customer" time="0.946" /><testcase classname="tests.backend_test.TestRBAC" name="test_admin_users" time="2.049" /><testcase classname="tests.backend_test.TestRBAC" name="test_admin_analytics" time="0.340" /><testcase classname="tests.backend_test.TestRBAC" name="test_admin_audit" time="0.310" /><testcase classname="tests.backend_test.TestAuth" name="test_login_admin_is_super_admin" time="1.750" /><testcase classname="tests.backend_test.TestAuth" name="test_login_all_demo" time="0.000" /><testcase classname="tests.backend_test.TestAuth" name="test_me" time="0.130" /><testcase classname="tests.backend_test.TestRBAC" name="test_customer_forbidden_admin" time="0.108" /><testcase classname="tests.backend_test.TestRBAC" name="test_role_update_and_kyc" time="0.721" /><testcase classname="tests.backend_test.TestAuth" name="test_login_invalid" time="0.314" /><testcase classname="tests.backend_test.TestVendorEndpoints" name="test_vendor_products_200" time="0.097" /><testcase classname="tests.backend_test.TestVendorEndpoints" name="test_vendor_orders_200_no_500" time="0.109" /><testcase classname="tests.backend_test.TestVendorEndpoints" name="test_customer_forbidden_vendor_orders" time="0.148" /><testcase classname="tests.backend_test.TestTenders" name="test_list_seeded" time="0.123" /><testcase classname="tests.backend_test.TestMarketplace" name="test_products_seeded" time="0.101" /><testcase classname="tests.backend_test.TestTenders" name="test_bid_ranking" time="0.461" /><testcase classname="tests.backend_test.TestMarketplace" name="test_categories" time="0.100" /><testcase classname="tests.backend_test.TestMarketplace" name="test_search_and_filter" time="0.295" /><testcase classname="tests.backend_test.TestTenders" name="test_customer_forbidden_bid" time="0.606" /><testcase classname="tests.test_rbac.TestAuditPhase1" name="test_create_department_writes_audit" time="1.564" /><testcase classname="tests.test_rbac.TestAuditPhase1" name="test_audit_sensitive_redaction" time="0.104" /><testcase classname="tests.test_rbac.TestAuditPhase1" name="test_legacy_audit_still_readable" time="0.256" /><testcase classname="tests.test_rbac.TestRBACSeed" name="test_departments_seeded" time="1.362" /><testcase classname="tests.backend_test.TestSolar" name="test_solar_calc" time="0.150" /><testcase classname="tests.test_rbac.TestRBACSeed" name="test_roles_seeded" time="0.109" /><testcase classname="tests.test_rbac.TestRBACSeed" name="test_default_company" time="0.281" /><testcase classname="tests.test_rbac.TestAuthPermissions" name="test_super_admin_permissions" time="0.101" /><testcase classname="tests.test_rbac.TestAuthPermissions" name="test_customer_permissions_not_super" time="0.267" /><testcase classname="tests.test_rbac.TestGuards" name="test_customer_forbidden_rbac" time="3.567" /><testcase classname="tests.backend_test.TestSolar" name="test_quotation_save_list" time="1.544" /><testcase classname="tests.backend_test.TestAI" name="test_tender_summary" time="10.332" /><testcase classname="tests.test_rbac.TestGuards" name="test_super_admin_ok_rbac" time="0.857" /><testcase classname="tests.test_rbac.TestRoleCRUD" name="test_create_patch_delete_role" time="0.427" /><testcase classname="tests.test_rbac.TestRoleCRUD" name="test_cannot_delete_system_role" time="0.204" /><testcase classname="tests.backend_test.TestOrdersPayments" name="test_order_create_pay_demo" time="1.802" /><testcase classname="tests.backend_test.TestERP" name="test_project_boq_dpr" time="0.503" /><testcase classname="tests.test_rbac.TestRoleMatrix" name="test_get_and_put_permissions" time="1.426" /><testcase classname="tests.backend_test.TestAI" name="test_ai_chat_stream" time="2.159" /><testcase classname="tests.test_rbac.TestUserAssignment" name="test_assign_and_unassign" time="1.702" /><testcase classname="tests.test_rbac.TestUserAssignment" name="test_non_super_cannot_assign_super_role" time="68.804" /></testsuite></testsuites>