<?xml version="1.0" encoding="utf-8"?><testsuites name="pytest tests"><testsuite name="pytest" errors="0" failures="0" skipped="0" tests="9" time="3.403" timestamp="2026-08-09T20:41:27.842901+00:00" hostname="agent-env-69fa411d-9c0b-42e5-a41b-e13f37f8cab3"><testcase classname="tests.test_solar_brands" name="test_components_public" time="0.258" /><testcase classname="tests.test_solar_brands" name="test_brands_public_active_only" time="0.143" /><testcase classname="tests.test_solar_brands" name="test_manage_admin_sees_all" time="0.583" /><testcase classname="tests.test_solar_brands" name="test_manage_vendor_scope" time="0.471" /><testcase classname="tests.test_solar_brands" name="test_manage_customer_forbidden" time="0.429" /><testcase classname="tests.test_solar_brands" name="test_vendor_crud_flow" time="0.486" /><testcase classname="tests.test_solar_brands" name="test_customer_cannot_create" time="0.120" /><testcase classname="tests.test_solar_brands" name="test_boq_module_brand_override_changes_total" time="0.384" /><testcase classname="tests.test_solar_brands" name="test_super_admin_can_delete_vendor_brand" time="0.207" /></testsuite></testsuites>